#
# There is insufficient memory for the Java Runtime Environment to continue.
# Native memory allocation (malloc) failed to allocate 263376 bytes for Chunk::new
# Possible reasons:
#   The system is out of physical RAM or swap space
#   In 32 bit mode, the process size limit was hit
# Possible solutions:
#   Reduce memory load on the system
#   Increase physical memory or swap space
#   Check if swap backing store is full
#   Use 64 bit Java on a 64 bit OS
#   Decrease Java heap size (-Xmx/-Xms)
#   Decrease number of Java threads
#   Decrease Java thread stack sizes (-Xss)
#   Set larger code cache with -XX:ReservedCodeCacheSize=
# This output file may be truncated or incomplete.
#
#  Out of Memory Error (allocation.cpp:390), pid=37452, tid=0x00000000000094d0
#
# JRE version: Java(TM) SE Runtime Environment (8.0_112-b15) (build 1.8.0_112-b15)
# Java VM: Java HotSpot(TM) 64-Bit Server VM (25.112-b15 mixed mode windows-amd64 compressed oops)
# Failed to write core dump. Minidumps are not enabled by default on client versions of Windows
#

---------------  T H R E A D  ---------------

Current thread (0x00000000203da000):  JavaThread "C2 CompilerThread1" daemon [_thread_in_native, id=38096, stack(0x0000000020cb0000,0x0000000020db0000)]

Stack: [0x0000000020cb0000,0x0000000020db0000]
[error occurred during error reporting (printing stack bounds), id 0xc0000005]

Native frames: (J=compiled Java code, j=interpreted, Vv=VM code, C=native code)


Current CompileTask:
C2:    753  704       4       org.mozilla.classfile.ConstantPool::addUtf8 (364 bytes)


---------------  P R O C E S S  ---------------

Java Threads: ( => current thread )
  0x0000000020463000 JavaThread "Service Thread" daemon [_thread_blocked, id=38104, stack(0x0000000020fb0000,0x00000000210b0000)]
  0x00000000203e6000 JavaThread "C1 CompilerThread3" daemon [_thread_blocked, id=39328, stack(0x0000000020eb0000,0x0000000020fb0000)]
  0x00000000203db800 JavaThread "C2 CompilerThread2" daemon [_thread_in_native, id=28224, stack(0x0000000020db0000,0x0000000020eb0000)]
=>0x00000000203da000 JavaThread "C2 CompilerThread1" daemon [_thread_in_native, id=38096, stack(0x0000000020cb0000,0x0000000020db0000)]
  0x00000000203d4800 JavaThread "C2 CompilerThread0" daemon [_thread_in_native, id=36376, stack(0x0000000020bb0000,0x0000000020cb0000)]
  0x00000000203d3800 JavaThread "Attach Listener" daemon [_thread_blocked, id=37500, stack(0x0000000020ab0000,0x0000000020bb0000)]
  0x0000000020387800 JavaThread "Signal Dispatcher" daemon [_thread_blocked, id=30844, stack(0x00000000209b0000,0x0000000020ab0000)]
  0x0000000020370800 JavaThread "Finalizer" daemon [_thread_blocked, id=2172, stack(0x0000000020750000,0x0000000020850000)]
  0x0000000004af6000 JavaThread "Reference Handler" daemon [_thread_blocked, id=33360, stack(0x0000000020250000,0x0000000020350000)]
  0x0000000004a00800 JavaThread "main" [_thread_in_native, id=37936, stack(0x0000000004900000,0x0000000004a00000)]

Other Threads:
  0x000000001e489000 VMThread [stack: 0x0000000020150000,0x0000000020250000] [id=35756]
  0x00000000204c7000 WatcherThread [stack: 0x00000000210b0000,0x00000000211b0000] [id=20476]

VM state:not at safepoint (normal execution)

VM Mutex/Monitor currently owned by a thread: None

Heap:
 PSYoungGen      total 75776K, used 30652K [0x000000076b900000, 0x0000000770d80000, 0x00000007c0000000)
  eden space 65024K, 47% used [0x000000076b900000,0x000000076d6ef240,0x000000076f880000)
  from space 10752K, 0% used [0x0000000770300000,0x0000000770300000,0x0000000770d80000)
  to   space 10752K, 0% used [0x000000076f880000,0x000000076f880000,0x0000000770300000)
 ParOldGen       total 173568K, used 0K [0x00000006c2a00000, 0x00000006cd380000, 0x000000076b900000)
  object space 173568K, 0% used [0x00000006c2a00000,0x00000006c2a00000,0x00000006cd380000)
 Metaspace       used 7308K, capacity 7615K, committed 7680K, reserved 1056768K
  class space    used 691K, capacity 726K, committed 768K, reserved 1048576K

Card table byte_map: [0x0000000013ec0000,0x00000000146b0000] byte_map_base: 0x00000000108ab000

Marking Bits: (ParMarkBitMap*) 0x000000005d53a6d0
 Begin Bits: [0x0000000015400000, 0x0000000019358000)
 End Bits:   [0x0000000019358000, 0x000000001d2b0000)

Polling page: 0x0000000002bc0000

CodeCache: size=245760Kb used=3567Kb max_used=3581Kb free=242192Kb
 bounds [0x0000000004b00000, 0x0000000004e90000, 0x0000000013b00000]
 total_blobs=1087 nmethods=778 adapters=222
 compilation: enabled

Compilation events (10 events):
Event: 0.690 Thread 0x00000000203da000  672       4       org.mozilla.javascript.ObjToIntMap::ensureIndex (280 bytes)
Event: 0.690 Thread 0x00000000203e6000 nmethod 806 0x0000000004e71590 code [0x0000000004e71700, 0x0000000004e71a48]
Event: 0.691 Thread 0x00000000203e6000  807   !   2       sun.misc.URLClassPath$JarLoader::getResource (85 bytes)
Event: 0.691 Thread 0x00000000203e6000 nmethod 807 0x0000000004e767d0 code [0x0000000004e769a0, 0x0000000004e76f58]
Event: 0.692 Thread 0x00000000203e6000  808   !   2       java.util.zip.ZipFile$ZipFileInputStream::read (131 bytes)
Event: 0.693 Thread 0x00000000203e6000 nmethod 808 0x0000000004e75c90 code [0x0000000004e75e20, 0x0000000004e763a8]
Event: 0.693 Thread 0x00000000203e6000  809       2       java.util.zip.ZipFile::access$1300 (5 bytes)
Event: 0.693 Thread 0x00000000203e6000 nmethod 809 0x0000000004e75850 code [0x0000000004e759c0, 0x0000000004e75b68]
Event: 0.701 Thread 0x00000000203da000 nmethod 672 0x0000000004e818d0 code [0x0000000004e81a80, 0x0000000004e823f8]
Event: 0.701 Thread 0x00000000203da000  704       4       org.mozilla.classfile.ConstantPool::addUtf8 (364 bytes)

GC Heap History (0 events):
No events

Deoptimization events (8 events):
Event: 0.380 Thread 0x0000000004a00800 Uncommon trap: reason=unstable_if action=reinterpret pc=0x0000000004c950f0 method=org.mozilla.javascript.TokenStream.getChar(Z)I @ 202
Event: 0.380 Thread 0x0000000004a00800 Uncommon trap: reason=unstable_if action=reinterpret pc=0x0000000004c716c0 method=java.lang.CharacterData.of(I)Ljava/lang/CharacterData; @ 4
Event: 0.443 Thread 0x0000000004a00800 Uncommon trap: reason=unstable_if action=reinterpret pc=0x0000000004d26ac0 method=org.mozilla.javascript.TokenStream.stringToKeyword(Ljava/lang/String;)I @ 1531
Event: 0.503 Thread 0x0000000004a00800 Uncommon trap: reason=unstable_if action=reinterpret pc=0x0000000004c95688 method=org.mozilla.javascript.TokenStream.getChar(Z)I @ 49
Event: 0.567 Thread 0x0000000004a00800 Uncommon trap: reason=class_check action=maybe_recompile pc=0x0000000004d32fac method=org.mozilla.javascript.ObjToIntMap.ensureIndex(Ljava/lang/Object;)I @ 1
Event: 0.567 Thread 0x0000000004a00800 Uncommon trap: reason=class_check action=maybe_recompile pc=0x0000000004d32fac method=org.mozilla.javascript.ObjToIntMap.ensureIndex(Ljava/lang/Object;)I @ 1
Event: 0.567 Thread 0x0000000004a00800 Uncommon trap: reason=class_check action=maybe_recompile pc=0x0000000004d32fac method=org.mozilla.javascript.ObjToIntMap.ensureIndex(Ljava/lang/Object;)I @ 1
Event: 0.567 Thread 0x0000000004a00800 Uncommon trap: reason=class_check action=maybe_recompile pc=0x0000000004d32fac method=org.mozilla.javascript.ObjToIntMap.ensureIndex(Ljava/lang/Object;)I @ 1

Internal exceptions (6 events):
Event: 0.034 Thread 0x0000000004a00800 Exception <a 'java/lang/NoSuchMethodError': Method sun.misc.Unsafe.defineClass(Ljava/lang/String;[BII)Ljava/lang/Class; name or signature does not match> (0x000000076b907c78) thrown at [C:\re\workspace\8-2-build-windows-amd64-cygwin\jdk8u112\7884\hotspot\
Event: 0.034 Thread 0x0000000004a00800 Exception <a 'java/lang/NoSuchMethodError': Method sun.misc.Unsafe.prefetchRead(Ljava/lang/Object;J)V name or signature does not match> (0x000000076b907f60) thrown at [C:\re\workspace\8-2-build-windows-amd64-cygwin\jdk8u112\7884\hotspot\src\share\vm\prims
Event: 0.236 Thread 0x0000000004a00800 Exception <a 'java/security/PrivilegedActionException'> (0x000000076bdf52e0) thrown at [C:\re\workspace\8-2-build-windows-amd64-cygwin\jdk8u112\7884\hotspot\src\share\vm\prims\jvm.cpp, line 1390]
Event: 0.236 Thread 0x0000000004a00800 Exception <a 'java/security/PrivilegedActionException'> (0x000000076bdf56d8) thrown at [C:\re\workspace\8-2-build-windows-amd64-cygwin\jdk8u112\7884\hotspot\src\share\vm\prims\jvm.cpp, line 1390]
Event: 0.236 Thread 0x0000000004a00800 Exception <a 'java/security/PrivilegedActionException'> (0x000000076bdf8160) thrown at [C:\re\workspace\8-2-build-windows-amd64-cygwin\jdk8u112\7884\hotspot\src\share\vm\prims\jvm.cpp, line 1390]
Event: 0.236 Thread 0x0000000004a00800 Exception <a 'java/security/PrivilegedActionException'> (0x000000076bdf8558) thrown at [C:\re\workspace\8-2-build-windows-amd64-cygwin\jdk8u112\7884\hotspot\src\share\vm\prims\jvm.cpp, line 1390]

Events (10 events):
Event: 0.691 loading class org/mozilla/javascript/ContextFactory$1
Event: 0.691 loading class org/mozilla/javascript/ContextFactory$1 done
Event: 0.691 loading class org/mozilla/javascript/DefiningClassLoader
Event: 0.691 loading class org/mozilla/javascript/DefiningClassLoader done
Event: 0.691 loading class org/mozilla/javascript/GeneratedClassLoader
Event: 0.691 loading class org/mozilla/javascript/GeneratedClassLoader done
Event: 0.692 loading class org/mozilla/javascript/SecurityUtilities
Event: 0.692 loading class org/mozilla/javascript/SecurityUtilities done
Event: 0.692 loading class org/mozilla/javascript/SecurityUtilities$2
Event: 0.692 loading class org/mozilla/javascript/SecurityUtilities$2 done


Dynamic libraries:
0x00007ff680dc0000 - 0x00007ff680df7000 	D:\jdk\jdk1.8.0_112\bin\java.exe
0x00007ffc203d0000 - 0x00007ffc205b0000 	C:\WINDOWS\SYSTEM32\ntdll.dll
0x00007ffc1fe20000 - 0x00007ffc1fece000 	C:\WINDOWS\System32\KERNEL32.DLL
0x00007ffc1d3a0000 - 0x00007ffc1d606000 	C:\WINDOWS\System32\KERNELBASE.dll
0x00007ffc1db80000 - 0x00007ffc1dc21000 	C:\WINDOWS\System32\ADVAPI32.dll
0x00007ffc1dae0000 - 0x00007ffc1db7d000 	C:\WINDOWS\System32\msvcrt.dll
0x00007ffc1d900000 - 0x00007ffc1d95b000 	C:\WINDOWS\System32\sechost.dll
0x00007ffc1f7d0000 - 0x00007ffc1f8ef000 	C:\WINDOWS\System32\RPCRT4.dll
0x00007ffc1f8f0000 - 0x00007ffc1fa7f000 	C:\WINDOWS\System32\USER32.dll
0x00007ffc1d190000 - 0x00007ffc1d1b0000 	C:\WINDOWS\System32\win32u.dll
0x00007ffc1f560000 - 0x00007ffc1f588000 	C:\WINDOWS\System32\GDI32.dll
0x00007ffc1d200000 - 0x00007ffc1d393000 	C:\WINDOWS\System32\gdi32full.dll
0x00007ffc1c7d0000 - 0x00007ffc1c86b000 	C:\WINDOWS\System32\msvcp_win.dll
0x00007ffc1d690000 - 0x00007ffc1d786000 	C:\WINDOWS\System32\ucrtbase.dll
0x00007ffc0ecf0000 - 0x00007ffc0ef59000 	C:\WINDOWS\WinSxS\amd64_microsoft.windows.common-controls_6595b64144ccf1df_6.0.16299.125_none_15cbcf8893620c09\COMCTL32.dll
0x00007ffc1de10000 - 0x00007ffc1e118000 	C:\WINDOWS\System32\combase.dll
0x00007ffc1d610000 - 0x00007ffc1d682000 	C:\WINDOWS\System32\bcryptPrimitives.dll
0x00007ffc1f590000 - 0x00007ffc1f5bd000 	C:\WINDOWS\System32\IMM32.DLL
0x000000005c990000 - 0x000000005ca62000 	D:\jdk\jdk1.8.0_112\jre\bin\msvcr100.dll
0x000000005cd20000 - 0x000000005d5ba000 	D:\jdk\jdk1.8.0_112\jre\bin\server\jvm.dll
0x00007ffc1f7b0000 - 0x00007ffc1f7b8000 	C:\WINDOWS\System32\PSAPI.DLL
0x00007ffc17330000 - 0x00007ffc17353000 	C:\WINDOWS\SYSTEM32\WINMM.dll
0x00007ffc0b210000 - 0x00007ffc0b219000 	C:\WINDOWS\SYSTEM32\WSOCK32.dll
0x00007ffc12260000 - 0x00007ffc1226a000 	C:\WINDOWS\SYSTEM32\VERSION.dll
0x00007ffc1dda0000 - 0x00007ffc1de0c000 	C:\WINDOWS\System32\WS2_32.dll
0x00007ffc17300000 - 0x00007ffc1732a000 	C:\WINDOWS\SYSTEM32\WINMMBASE.dll
0x00007ffc1d1b0000 - 0x00007ffc1d1fa000 	C:\WINDOWS\System32\cfgmgr32.dll
0x000000005cc30000 - 0x000000005cc3f000 	D:\jdk\jdk1.8.0_112\jre\bin\verify.dll
0x000000005cc00000 - 0x000000005cc29000 	D:\jdk\jdk1.8.0_112\jre\bin\java.dll
0x000000005cbe0000 - 0x000000005cbf6000 	D:\jdk\jdk1.8.0_112\jre\bin\zip.dll
0x00007ffc1e120000 - 0x00007ffc1f556000 	C:\WINDOWS\System32\SHELL32.dll
0x00007ffc1d960000 - 0x00007ffc1da06000 	C:\WINDOWS\System32\shcore.dll
0x00007ffc1ca40000 - 0x00007ffc1d187000 	C:\WINDOWS\System32\windows.storage.dll
0x00007ffc1fed0000 - 0x00007ffc1ff21000 	C:\WINDOWS\System32\shlwapi.dll
0x00007ffc1c760000 - 0x00007ffc1c771000 	C:\WINDOWS\System32\kernel.appcore.dll
0x00007ffc1c780000 - 0x00007ffc1c7cc000 	C:\WINDOWS\System32\powrprof.dll
0x00007ffc1c720000 - 0x00007ffc1c73b000 	C:\WINDOWS\System32\profapi.dll

VM Arguments:
java_command: E:\company\training\luke\HYBRISCOMM\hybris\bin\custom\acerchem\acerchemstorefront\web\webroot\WEB-INF\lib\rhino-1.7R4.jar -f E:\company\training\luke\HYBRISCOMM\hybris\bin\custom\acerchem\acerchemstorefront\web\webroot\WEB-INF\lib\less-rhino-1.7.3.js E:\company\training\luke\HYBRISCOMM\hybris\bin\custom\acerchem\acerchemstorefront\web\webroot\WEB-INF\lib\lessc-rhino-1.7.3.js E:\company\training\luke\HYBRISCOMM\hybris\bin\custom\acerchem\acerchemstorefront\web\webroot\WEB-INF\_ui-src\responsive\themes\alpha\less\style.less E:\company\training\luke\HYBRISCOMM\hybris\bin\custom\acerchem\acerchemstorefront\web\webroot\_ui\responsive\theme-alpha\css\style.css
java_class_path (initial): E:\company\training\luke\HYBRISCOMM\hybris\bin\custom\acerchem\acerchemstorefront\web\webroot\WEB-INF\lib\rhino-1.7R4.jar
Launcher Type: SUN_STANDARD

Environment Variables:
JAVA_HOME=D:\jdk\jdk1.8.0_112
PATH=E:\company\training\luke\HYBRISCOMM\hybris\bin\platform\apache-ant-1.9.1\bin;C:\Windows\system32;C:\Windows;C:\Windows\System32\Wbem;C:\Windows\System32\WindowsPowerShell\v1.0\;C:\Program Files (x86)\NVIDIA Corporation\PhysX\Common;C:\Program Files\Intel\WiFi\bin\;C:\Program Files\Common Files\Intel\WirelessCommon\;C:\WINDOWS\system32;C:\WINDOWS;C:\WINDOWS\System32\Wbem;C:\WINDOWS\System32\WindowsPowerShell\v1.0\;D:\TortoiseSVN\bin;D:\jdk\jdk1.8.0_112\bin;E:\work\Git\yongda\hybris\bin\platform\apache-ant-1.9.1\bin;E:\Program Files\Git\cmd;E:\apache-cxf-3.2.0\bin;E:\training\hyCom-dev1-win64-6.2.0.0\workspace\hybris\bin\platform;E:\mysql-5.7.20-winx64\bin;E:\company\training\luke\HYBRISCOMM\hybris\bin\platform\apache-ant-1.9.1\bin;C:\Users\jhwan\AppData\Local\Microsoft\WindowsApps;e:\Program Files (x86)\Nmap
USERNAME=jhwan
OS=Windows_NT
PROCESSOR_IDENTIFIER=Intel64 Family 6 Model 94 Stepping 3, GenuineIntel



---------------  S Y S T E M  ---------------

OS: Windows 10.0 , 64 bit Build 16299 (10.0.16299.15)

CPU:total 8 (4 cores per cpu, 2 threads per core) family 6 model 94 stepping 3, cmov, cx8, fxsr, mmx, sse, sse2, sse3, ssse3, sse4.1, sse4.2, popcnt, avx, avx2, aes, clmul, erms, rtm, 3dnowpref, lzcnt, ht, tsc, tscinvbit, bmi1, bmi2, adx

Memory: 4k page, physical 16600864k(4939348k free), swap 27981600k(3896k free)

vm_info: Java HotSpot(TM) 64-Bit Server VM (25.112-b15) for windows-amd64 JRE (1.8.0_112-b15), built on Sep 22 2016 21:31:56 by "java_re" with MS VC++ 10.0 (VS2010)

time: Sun Mar 18 09:12:04 2018
elapsed time: 0 seconds (0d 0h 0m 0s)

